  Application.cpp
  EditorUI.cpp
  main.cpp
  CameraController.cpp
  Renderer.cpp
  Scene.cpp
  SkyboxPass.cpp
  CameraSystem.cpp
  OrbitSystem.cpp
  ParticleUpdateSystem.cpp
  SimpleShadowSystem.cpp
  ThermodynamicsSystem.cpp
  TimeSystem.cpp
  WeatherSystem.cpp
  Generating code
  200 of 9378 functions ( 2.1%) were compiled, the rest were copied from previous compilation.
    166 functions were new in current compilation
    576 functions had inline decision re-evaluated but remain unchanged
  Finished generating code
  VulkanPhysics.vcxproj -> C:\Users\Ell\Documents\repos\VulkanPhysics\x64\Release\VulkanPhysics.exe
